CRITICAL - 2022-03-15 00:09:33 --> Undefined index: category_list
#0 C:\xampp\htdocs\connect2\app\Views\Admin\category.php(19): CodeIgniter\Debug\Exceptions->errorHandler(8, 'Undefined index...', 'C:\\xampp\\htdocs...', 19, Array)
#1 C:\xampp\htdocs\connect2\vendor\codeigniter4\framework\system\View\View.php(210): include('C:\\xampp\\htdocs...')
#2 C:\xampp\htdocs\connect2\vendor\codeigniter4\framework\system\View\View.php(213): CodeIgniter\View\View->CodeIgniter\View\{closure}()
#3 C:\xampp\htdocs\connect2\vendor\codeigniter4\framework\system\Common.php(1089): CodeIgniter\View\View->render('Admin/category', Array, true)
#4 C:\xampp\htdocs\connect2\app\Controllers\Admin\categoryController.php(23): view('Admin/category', Array)
#5 C:\xampp\htdocs\connect2\vendor\codeigniter4\framework\system\CodeIgniter.php(832): App\Controllers\Admin\categoryController->index()
#6 C:\xampp\htdocs\connect2\vendor\codeigniter4\framework\system\CodeIgniter.php(419): CodeIgniter\CodeIgniter->runController(Object(App\Controllers\Admin\categoryController))
#7 C:\xampp\htdocs\connect2\vendor\codeigniter4\framework\system\CodeIgniter.php(326): CodeIgniter\CodeIgniter->handleRequest(NULL, Object(Config\Cache), false)
#8 C:\xampp\htdocs\connect2\public\index.php(37): CodeIgniter\CodeIgniter->run()
#9 C:\xampp\htdocs\connect2\vendor\codeigniter4\framework\system\Commands\Server\rewrite.php(43): require_once('C:\\xampp\\htdocs...')
#10 {main}
CRITICAL - 2022-03-15 00:27:11 --> Undefined index: title
#0 C:\xampp\htdocs\connect2\app\Views\Admin\header.php(7): CodeIgniter\Debug\Exceptions->errorHandler(8, 'Undefined index...', 'C:\\xampp\\htdocs...', 7, Array)
#1 C:\xampp\htdocs\connect2\app\Views\Admin\my_profile.php(1): include_once('C:\\xampp\\htdocs...')
#2 C:\xampp\htdocs\connect2\vendor\codeigniter4\framework\system\View\View.php(210): include('C:\\xampp\\htdocs...')
#3 C:\xampp\htdocs\connect2\vendor\codeigniter4\framework\system\View\View.php(213): CodeIgniter\View\View->CodeIgniter\View\{closure}()
#4 C:\xampp\htdocs\connect2\vendor\codeigniter4\framework\system\Common.php(1089): CodeIgniter\View\View->render('Admin/my_profil...', Array, true)
#5 C:\xampp\htdocs\connect2\app\Controllers\Admin\DashboardController.php(27): view('Admin/my_profil...', Array)
#6 C:\xampp\htdocs\connect2\vendor\codeigniter4\framework\system\CodeIgniter.php(832): App\Controllers\Admin\DashboardController->my_profile()
#7 C:\xampp\htdocs\connect2\vendor\codeigniter4\framework\system\CodeIgniter.php(419): CodeIgniter\CodeIgniter->runController(Object(App\Controllers\Admin\DashboardController))
#8 C:\xampp\htdocs\connect2\vendor\codeigniter4\framework\system\CodeIgniter.php(326): CodeIgniter\CodeIgniter->handleRequest(NULL, Object(Config\Cache), false)
#9 C:\xampp\htdocs\connect2\public\index.php(37): CodeIgniter\CodeIgniter->run()
#10 C:\xampp\htdocs\connect2\vendor\codeigniter4\framework\system\Commands\Server\rewrite.php(43): require_once('C:\\xampp\\htdocs...')
#11 {main}
CRITICAL - 2022-03-15 00:34:06 --> Undefined index: title
#0 C:\xampp\htdocs\connect2\app\Views\Admin\header.php(7): CodeIgniter\Debug\Exceptions->errorHandler(8, 'Undefined index...', 'C:\\xampp\\htdocs...', 7, Array)
#1 C:\xampp\htdocs\connect2\app\Views\Admin\language_specification.php(1): include_once('C:\\xampp\\htdocs...')
#2 C:\xampp\htdocs\connect2\vendor\codeigniter4\framework\system\View\View.php(210): include('C:\\xampp\\htdocs...')
#3 C:\xampp\htdocs\connect2\vendor\codeigniter4\framework\system\View\View.php(213): CodeIgniter\View\View->CodeIgniter\View\{closure}()
#4 C:\xampp\htdocs\connect2\vendor\codeigniter4\framework\system\Common.php(1089): CodeIgniter\View\View->render('Admin/language_...', Array, true)
#5 C:\xampp\htdocs\connect2\app\Controllers\Admin\LanguageController.php(19): view('Admin/language_...')
#6 C:\xampp\htdocs\connect2\vendor\codeigniter4\framework\system\CodeIgniter.php(832): App\Controllers\Admin\LanguageController->index()
#7 C:\xampp\htdocs\connect2\vendor\codeigniter4\framework\system\CodeIgniter.php(419): CodeIgniter\CodeIgniter->runController(Object(App\Controllers\Admin\LanguageController))
#8 C:\xampp\htdocs\connect2\vendor\codeigniter4\framework\system\CodeIgniter.php(326): CodeIgniter\CodeIgniter->handleRequest(NULL, Object(Config\Cache), false)
#9 C:\xampp\htdocs\connect2\public\index.php(37): CodeIgniter\CodeIgniter->run()
#10 C:\xampp\htdocs\connect2\vendor\codeigniter4\framework\system\Commands\Server\rewrite.php(43): require_once('C:\\xampp\\htdocs...')
#11 {main}
CRITICAL - 2022-03-15 00:35:10 --> Undefined index: add_language_specification
#0 C:\xampp\htdocs\connect2\app\Views\Admin\language_specification.php(23): CodeIgniter\Debug\Exceptions->errorHandler(8, 'Undefined index...', 'C:\\xampp\\htdocs...', 23, Array)
#1 C:\xampp\htdocs\connect2\vendor\codeigniter4\framework\system\View\View.php(210): include('C:\\xampp\\htdocs...')
#2 C:\xampp\htdocs\connect2\vendor\codeigniter4\framework\system\View\View.php(213): CodeIgniter\View\View->CodeIgniter\View\{closure}()
#3 C:\xampp\htdocs\connect2\vendor\codeigniter4\framework\system\Common.php(1089): CodeIgniter\View\View->render('Admin/language_...', Array, true)
#4 C:\xampp\htdocs\connect2\app\Controllers\Admin\LanguageController.php(19): view('Admin/language_...')
#5 C:\xampp\htdocs\connect2\vendor\codeigniter4\framework\system\CodeIgniter.php(832): App\Controllers\Admin\LanguageController->index()
#6 C:\xampp\htdocs\connect2\vendor\codeigniter4\framework\system\CodeIgniter.php(419): CodeIgniter\CodeIgniter->runController(Object(App\Controllers\Admin\LanguageController))
#7 C:\xampp\htdocs\connect2\vendor\codeigniter4\framework\system\CodeIgniter.php(326): CodeIgniter\CodeIgniter->handleRequest(NULL, Object(Config\Cache), false)
#8 C:\xampp\htdocs\connect2\public\index.php(37): CodeIgniter\CodeIgniter->run()
#9 C:\xampp\htdocs\connect2\vendor\codeigniter4\framework\system\Commands\Server\rewrite.php(43): require_once('C:\\xampp\\htdocs...')
#10 {main}
CRITICAL - 2022-03-15 01:31:58 --> Undefined index: change_user_status
#0 C:\xampp\htdocs\connect2\app\Views\Admin\users.php(78): CodeIgniter\Debug\Exceptions->errorHandler(8, 'Undefined index...', 'C:\\xampp\\htdocs...', 78, Array)
#1 C:\xampp\htdocs\connect2\vendor\codeigniter4\framework\system\View\View.php(210): include('C:\\xampp\\htdocs...')
#2 C:\xampp\htdocs\connect2\vendor\codeigniter4\framework\system\View\View.php(213): CodeIgniter\View\View->CodeIgniter\View\{closure}()
#3 C:\xampp\htdocs\connect2\vendor\codeigniter4\framework\system\Common.php(1089): CodeIgniter\View\View->render('Admin/users', Array, true)
#4 C:\xampp\htdocs\connect2\app\Controllers\Admin\userController.php(21): view('Admin/users', Array)
#5 C:\xampp\htdocs\connect2\vendor\codeigniter4\framework\system\CodeIgniter.php(832): App\Controllers\Admin\userController->index()
#6 C:\xampp\htdocs\connect2\vendor\codeigniter4\framework\system\CodeIgniter.php(419): CodeIgniter\CodeIgniter->runController(Object(App\Controllers\Admin\userController))
#7 C:\xampp\htdocs\connect2\vendor\codeigniter4\framework\system\CodeIgniter.php(326): CodeIgniter\CodeIgniter->handleRequest(NULL, Object(Config\Cache), false)
#8 C:\xampp\htdocs\connect2\public\index.php(37): CodeIgniter\CodeIgniter->run()
#9 C:\xampp\htdocs\connect2\vendor\codeigniter4\framework\system\Commands\Server\rewrite.php(43): require_once('C:\\xampp\\htdocs...')
#10 {main}
CRITICAL - 2022-03-15 01:38:57 --> Undefined property: App\Controllers\Admin\userController::$session
#0 C:\xampp\htdocs\connect2\app\Controllers\Admin\userController.php(82): CodeIgniter\Debug\Exceptions->errorHandler(8, 'Undefined prope...', 'C:\\xampp\\htdocs...', 82, Array)
#1 C:\xampp\htdocs\connect2\vendor\codeigniter4\framework\system\CodeIgniter.php(832): App\Controllers\Admin\userController->getUserRecords()
#2 C:\xampp\htdocs\connect2\vendor\codeigniter4\framework\system\CodeIgniter.php(419): CodeIgniter\CodeIgniter->runController(Object(App\Controllers\Admin\userController))
#3 C:\xampp\htdocs\connect2\vendor\codeigniter4\framework\system\CodeIgniter.php(326): CodeIgniter\CodeIgniter->handleRequest(NULL, Object(Config\Cache), false)
#4 C:\xampp\htdocs\connect2\public\index.php(37): CodeIgniter\CodeIgniter->run()
#5 C:\xampp\htdocs\connect2\vendor\codeigniter4\framework\system\Commands\Server\rewrite.php(43): require_once('C:\\xampp\\htdocs...')
#6 {main}
CRITICAL - 2022-03-15 01:39:24 --> Undefined property: App\Controllers\Admin\userController::$session
#0 C:\xampp\htdocs\connect2\app\Controllers\Admin\userController.php(82): CodeIgniter\Debug\Exceptions->errorHandler(8, 'Undefined prope...', 'C:\\xampp\\htdocs...', 82, Array)
#1 C:\xampp\htdocs\connect2\vendor\codeigniter4\framework\system\CodeIgniter.php(832): App\Controllers\Admin\userController->getUserRecords()
#2 C:\xampp\htdocs\connect2\vendor\codeigniter4\framework\system\CodeIgniter.php(419): CodeIgniter\CodeIgniter->runController(Object(App\Controllers\Admin\userController))
#3 C:\xampp\htdocs\connect2\vendor\codeigniter4\framework\system\CodeIgniter.php(326): CodeIgniter\CodeIgniter->handleRequest(NULL, Object(Config\Cache), false)
#4 C:\xampp\htdocs\connect2\public\index.php(37): CodeIgniter\CodeIgniter->run()
#5 C:\xampp\htdocs\connect2\vendor\codeigniter4\framework\system\Commands\Server\rewrite.php(43): require_once('C:\\xampp\\htdocs...')
#6 {main}
CRITICAL - 2022-03-15 01:40:04 --> Undefined index: change_status
#0 C:\xampp\htdocs\connect2\app\Controllers\Admin\userController.php(87): CodeIgniter\Debug\Exceptions->errorHandler(8, 'Undefined index...', 'C:\\xampp\\htdocs...', 87, Array)
#1 C:\xampp\htdocs\connect2\vendor\codeigniter4\framework\system\CodeIgniter.php(832): App\Controllers\Admin\userController->getUserRecords()
#2 C:\xampp\htdocs\connect2\vendor\codeigniter4\framework\system\CodeIgniter.php(419): CodeIgniter\CodeIgniter->runController(Object(App\Controllers\Admin\userController))
#3 C:\xampp\htdocs\connect2\vendor\codeigniter4\framework\system\CodeIgniter.php(326): CodeIgniter\CodeIgniter->handleRequest(NULL, Object(Config\Cache), false)
#4 C:\xampp\htdocs\connect2\public\index.php(37): CodeIgniter\CodeIgniter->run()
#5 C:\xampp\htdocs\connect2\vendor\codeigniter4\framework\system\Commands\Server\rewrite.php(43): require_once('C:\\xampp\\htdocs...')
#6 {main}
CRITICAL - 2022-03-15 01:40:25 --> Undefined index: change_status
#0 C:\xampp\htdocs\connect2\app\Controllers\Admin\userController.php(87): CodeIgniter\Debug\Exceptions->errorHandler(8, 'Undefined index...', 'C:\\xampp\\htdocs...', 87, Array)
#1 C:\xampp\htdocs\connect2\vendor\codeigniter4\framework\system\CodeIgniter.php(832): App\Controllers\Admin\userController->getUserRecords()
#2 C:\xampp\htdocs\connect2\vendor\codeigniter4\framework\system\CodeIgniter.php(419): CodeIgniter\CodeIgniter->runController(Object(App\Controllers\Admin\userController))
#3 C:\xampp\htdocs\connect2\vendor\codeigniter4\framework\system\CodeIgniter.php(326): CodeIgniter\CodeIgniter->handleRequest(NULL, Object(Config\Cache), false)
#4 C:\xampp\htdocs\connect2\public\index.php(37): CodeIgniter\CodeIgniter->run()
#5 C:\xampp\htdocs\connect2\vendor\codeigniter4\framework\system\Commands\Server\rewrite.php(43): require_once('C:\\xampp\\htdocs...')
#6 {main}
CRITICAL - 2022-03-15 01:41:25 --> Undefined index: change_status
#0 C:\xampp\htdocs\connect2\app\Controllers\Admin\userController.php(87): CodeIgniter\Debug\Exceptions->errorHandler(8, 'Undefined index...', 'C:\\xampp\\htdocs...', 87, Array)
#1 C:\xampp\htdocs\connect2\vendor\codeigniter4\framework\system\CodeIgniter.php(832): App\Controllers\Admin\userController->getUserRecords()
#2 C:\xampp\htdocs\connect2\vendor\codeigniter4\framework\system\CodeIgniter.php(419): CodeIgniter\CodeIgniter->runController(Object(App\Controllers\Admin\userController))
#3 C:\xampp\htdocs\connect2\vendor\codeigniter4\framework\system\CodeIgniter.php(326): CodeIgniter\CodeIgniter->handleRequest(NULL, Object(Config\Cache), false)
#4 C:\xampp\htdocs\connect2\public\index.php(37): CodeIgniter\CodeIgniter->run()
#5 C:\xampp\htdocs\connect2\vendor\codeigniter4\framework\system\Commands\Server\rewrite.php(43): require_once('C:\\xampp\\htdocs...')
#6 {main}
CRITICAL - 2022-03-15 01:46:35 --> Undefined index: by
#0 C:\xampp\htdocs\connect2\app\Views\Admin\footer.php(3): CodeIgniter\Debug\Exceptions->errorHandler(8, 'Undefined index...', 'C:\\xampp\\htdocs...', 3, Array)
#1 C:\xampp\htdocs\connect2\app\Views\Admin\language_specification.php(59): include_once('C:\\xampp\\htdocs...')
#2 C:\xampp\htdocs\connect2\vendor\codeigniter4\framework\system\View\View.php(210): include('C:\\xampp\\htdocs...')
#3 C:\xampp\htdocs\connect2\vendor\codeigniter4\framework\system\View\View.php(213): CodeIgniter\View\View->CodeIgniter\View\{closure}()
#4 C:\xampp\htdocs\connect2\vendor\codeigniter4\framework\system\Common.php(1089): CodeIgniter\View\View->render('Admin/language_...', Array, true)
#5 C:\xampp\htdocs\connect2\app\Controllers\Admin\LanguageController.php(19): view('Admin/language_...')
#6 C:\xampp\htdocs\connect2\vendor\codeigniter4\framework\system\CodeIgniter.php(832): App\Controllers\Admin\LanguageController->index()
#7 C:\xampp\htdocs\connect2\vendor\codeigniter4\framework\system\CodeIgniter.php(419): CodeIgniter\CodeIgniter->runController(Object(App\Controllers\Admin\LanguageController))
#8 C:\xampp\htdocs\connect2\vendor\codeigniter4\framework\system\CodeIgniter.php(326): CodeIgniter\CodeIgniter->handleRequest(NULL, Object(Config\Cache), false)
#9 C:\xampp\htdocs\connect2\public\index.php(37): CodeIgniter\CodeIgniter->run()
#10 C:\xampp\htdocs\connect2\vendor\codeigniter4\framework\system\Commands\Server\rewrite.php(43): require_once('C:\\xampp\\htdocs...')
#11 {main}
CRITICAL - 2022-03-15 01:46:38 --> Undefined index: by
#0 C:\xampp\htdocs\connect2\app\Views\Admin\footer.php(3): CodeIgniter\Debug\Exceptions->errorHandler(8, 'Undefined index...', 'C:\\xampp\\htdocs...', 3, Array)
#1 C:\xampp\htdocs\connect2\app\Views\Admin\category.php(58): include_once('C:\\xampp\\htdocs...')
#2 C:\xampp\htdocs\connect2\vendor\codeigniter4\framework\system\View\View.php(210): include('C:\\xampp\\htdocs...')
#3 C:\xampp\htdocs\connect2\vendor\codeigniter4\framework\system\View\View.php(213): CodeIgniter\View\View->CodeIgniter\View\{closure}()
#4 C:\xampp\htdocs\connect2\vendor\codeigniter4\framework\system\Common.php(1089): CodeIgniter\View\View->render('Admin/category', Array, true)
#5 C:\xampp\htdocs\connect2\app\Controllers\Admin\categoryController.php(23): view('Admin/category', Array)
#6 C:\xampp\htdocs\connect2\vendor\codeigniter4\framework\system\CodeIgniter.php(832): App\Controllers\Admin\categoryController->index()
#7 C:\xampp\htdocs\connect2\vendor\codeigniter4\framework\system\CodeIgniter.php(419): CodeIgniter\CodeIgniter->runController(Object(App\Controllers\Admin\categoryController))
#8 C:\xampp\htdocs\connect2\vendor\codeigniter4\framework\system\CodeIgniter.php(326): CodeIgniter\CodeIgniter->handleRequest(NULL, Object(Config\Cache), false)
#9 C:\xampp\htdocs\connect2\public\index.php(37): CodeIgniter\CodeIgniter->run()
#10 C:\xampp\htdocs\connect2\vendor\codeigniter4\framework\system\Commands\Server\rewrite.php(43): require_once('C:\\xampp\\htdocs...')
#11 {main}
CRITICAL - 2022-03-15 01:46:47 --> Undefined index: by
#0 C:\xampp\htdocs\connect2\app\Views\Admin\footer.php(3): CodeIgniter\Debug\Exceptions->errorHandler(8, 'Undefined index...', 'C:\\xampp\\htdocs...', 3, Array)
#1 C:\xampp\htdocs\connect2\app\Views\Admin\category.php(58): include_once('C:\\xampp\\htdocs...')
#2 C:\xampp\htdocs\connect2\vendor\codeigniter4\framework\system\View\View.php(210): include('C:\\xampp\\htdocs...')
#3 C:\xampp\htdocs\connect2\vendor\codeigniter4\framework\system\View\View.php(213): CodeIgniter\View\View->CodeIgniter\View\{closure}()
#4 C:\xampp\htdocs\connect2\vendor\codeigniter4\framework\system\Common.php(1089): CodeIgniter\View\View->render('Admin/category', Array, true)
#5 C:\xampp\htdocs\connect2\app\Controllers\Admin\categoryController.php(23): view('Admin/category', Array)
#6 C:\xampp\htdocs\connect2\vendor\codeigniter4\framework\system\CodeIgniter.php(832): App\Controllers\Admin\categoryController->index()
#7 C:\xampp\htdocs\connect2\vendor\codeigniter4\framework\system\CodeIgniter.php(419): CodeIgniter\CodeIgniter->runController(Object(App\Controllers\Admin\categoryController))
#8 C:\xampp\htdocs\connect2\vendor\codeigniter4\framework\system\CodeIgniter.php(326): CodeIgniter\CodeIgniter->handleRequest(NULL, Object(Config\Cache), false)
#9 C:\xampp\htdocs\connect2\public\index.php(37): CodeIgniter\CodeIgniter->run()
#10 C:\xampp\htdocs\connect2\vendor\codeigniter4\framework\system\Commands\Server\rewrite.php(43): require_once('C:\\xampp\\htdocs...')
#11 {main}
ERROR - 2022-03-15 05:36:18 --> Unknown column 'user_profile' in 'order clause'
CRITICAL - 2022-03-15 05:36:18 --> Unknown column 'user_profile' in 'order clause'
#0 C:\xampp\htdocs\connect2\vendor\codeigniter4\framework\system\Database\MySQLi\Connection.php(292): mysqli->query('select * from u...', 0)
#1 C:\xampp\htdocs\connect2\vendor\codeigniter4\framework\system\Database\BaseConnection.php(670): CodeIgniter\Database\MySQLi\Connection->execute('select * from u...')
#2 C:\xampp\htdocs\connect2\vendor\codeigniter4\framework\system\Database\BaseConnection.php(598): CodeIgniter\Database\BaseConnection->simpleQuery('select * from u...')
#3 C:\xampp\htdocs\connect2\vendor\codeigniter4\framework\system\Model.php(726): CodeIgniter\Database\BaseConnection->query('select * from u...')
#4 C:\xampp\htdocs\connect2\app\Controllers\Admin\userController.php(77): CodeIgniter\Model->__call('query', Array)
#5 C:\xampp\htdocs\connect2\vendor\codeigniter4\framework\system\CodeIgniter.php(832): App\Controllers\Admin\userController->getUserRecords()
#6 C:\xampp\htdocs\connect2\vendor\codeigniter4\framework\system\CodeIgniter.php(419): CodeIgniter\CodeIgniter->runController(Object(App\Controllers\Admin\userController))
#7 C:\xampp\htdocs\connect2\vendor\codeigniter4\framework\system\CodeIgniter.php(326): CodeIgniter\CodeIgniter->handleRequest(NULL, Object(Config\Cache), false)
#8 C:\xampp\htdocs\connect2\public\index.php(37): CodeIgniter\CodeIgniter->run()
#9 C:\xampp\htdocs\connect2\vendor\codeigniter4\framework\system\Commands\Server\rewrite.php(43): require_once('C:\\xampp\\htdocs...')
#10 {main}
ERROR - 2022-03-15 05:36:59 --> Unknown column 'user_profile' in 'order clause'
CRITICAL - 2022-03-15 05:36:59 --> Unknown column 'user_profile' in 'order clause'
#0 C:\xampp\htdocs\connect2\vendor\codeigniter4\framework\system\Database\MySQLi\Connection.php(292): mysqli->query('select * from u...', 0)
#1 C:\xampp\htdocs\connect2\vendor\codeigniter4\framework\system\Database\BaseConnection.php(670): CodeIgniter\Database\MySQLi\Connection->execute('select * from u...')
#2 C:\xampp\htdocs\connect2\vendor\codeigniter4\framework\system\Database\BaseConnection.php(598): CodeIgniter\Database\BaseConnection->simpleQuery('select * from u...')
#3 C:\xampp\htdocs\connect2\vendor\codeigniter4\framework\system\Model.php(726): CodeIgniter\Database\BaseConnection->query('select * from u...')
#4 C:\xampp\htdocs\connect2\app\Controllers\Admin\userController.php(77): CodeIgniter\Model->__call('query', Array)
#5 C:\xampp\htdocs\connect2\vendor\codeigniter4\framework\system\CodeIgniter.php(832): App\Controllers\Admin\userController->getUserRecords()
#6 C:\xampp\htdocs\connect2\vendor\codeigniter4\framework\system\CodeIgniter.php(419): CodeIgniter\CodeIgniter->runController(Object(App\Controllers\Admin\userController))
#7 C:\xampp\htdocs\connect2\vendor\codeigniter4\framework\system\CodeIgniter.php(326): CodeIgniter\CodeIgniter->handleRequest(NULL, Object(Config\Cache), false)
#8 C:\xampp\htdocs\connect2\public\index.php(37): CodeIgniter\CodeIgniter->run()
#9 C:\xampp\htdocs\connect2\vendor\codeigniter4\framework\system\Commands\Server\rewrite.php(43): require_once('C:\\xampp\\htdocs...')
#10 {main}
CRITICAL - 2022-03-15 05:58:06 --> Undefined index: label_code
#0 C:\xampp\htdocs\connect2\app\Views\Admin\language_specification.php(88): CodeIgniter\Debug\Exceptions->errorHandler(8, 'Undefined index...', 'C:\\xampp\\htdocs...', 88, Array)
#1 C:\xampp\htdocs\connect2\vendor\codeigniter4\framework\system\View\View.php(210): include('C:\\xampp\\htdocs...')
#2 C:\xampp\htdocs\connect2\vendor\codeigniter4\framework\system\View\View.php(213): CodeIgniter\View\View->CodeIgniter\View\{closure}()
#3 C:\xampp\htdocs\connect2\vendor\codeigniter4\framework\system\Common.php(1089): CodeIgniter\View\View->render('Admin/language_...', Array, true)
#4 C:\xampp\htdocs\connect2\app\Controllers\Admin\LanguageController.php(19): view('Admin/language_...')
#5 C:\xampp\htdocs\connect2\vendor\codeigniter4\framework\system\CodeIgniter.php(832): App\Controllers\Admin\LanguageController->index()
#6 C:\xampp\htdocs\connect2\vendor\codeigniter4\framework\system\CodeIgniter.php(419): CodeIgniter\CodeIgniter->runController(Object(App\Controllers\Admin\LanguageController))
#7 C:\xampp\htdocs\connect2\vendor\codeigniter4\framework\system\CodeIgniter.php(326): CodeIgniter\CodeIgniter->handleRequest(NULL, Object(Config\Cache), false)
#8 C:\xampp\htdocs\connect2\public\index.php(37): CodeIgniter\CodeIgniter->run()
#9 C:\xampp\htdocs\connect2\vendor\codeigniter4\framework\system\Commands\Server\rewrite.php(43): require_once('C:\\xampp\\htdocs...')
#10 {main}
CRITICAL - 2022-03-15 05:58:43 --> Undefined index: label_code
#0 C:\xampp\htdocs\connect2\app\Views\Admin\language_specification.php(88): CodeIgniter\Debug\Exceptions->errorHandler(8, 'Undefined index...', 'C:\\xampp\\htdocs...', 88, Array)
#1 C:\xampp\htdocs\connect2\vendor\codeigniter4\framework\system\View\View.php(210): include('C:\\xampp\\htdocs...')
#2 C:\xampp\htdocs\connect2\vendor\codeigniter4\framework\system\View\View.php(213): CodeIgniter\View\View->CodeIgniter\View\{closure}()
#3 C:\xampp\htdocs\connect2\vendor\codeigniter4\framework\system\Common.php(1089): CodeIgniter\View\View->render('Admin/language_...', Array, true)
#4 C:\xampp\htdocs\connect2\app\Controllers\Admin\LanguageController.php(19): view('Admin/language_...')
#5 C:\xampp\htdocs\connect2\vendor\codeigniter4\framework\system\CodeIgniter.php(832): App\Controllers\Admin\LanguageController->index()
#6 C:\xampp\htdocs\connect2\vendor\codeigniter4\framework\system\CodeIgniter.php(419): CodeIgniter\CodeIgniter->runController(Object(App\Controllers\Admin\LanguageController))
#7 C:\xampp\htdocs\connect2\vendor\codeigniter4\framework\system\CodeIgniter.php(326): CodeIgniter\CodeIgniter->handleRequest(NULL, Object(Config\Cache), false)
#8 C:\xampp\htdocs\connect2\public\index.php(37): CodeIgniter\CodeIgniter->run()
#9 C:\xampp\htdocs\connect2\vendor\codeigniter4\framework\system\Commands\Server\rewrite.php(43): require_once('C:\\xampp\\htdocs...')
#10 {main}
CRITICAL - 2022-03-15 06:01:47 --> Undefined index: label_code
#0 C:\xampp\htdocs\connect2\app\Views\Admin\language_specification.php(88): CodeIgniter\Debug\Exceptions->errorHandler(8, 'Undefined index...', 'C:\\xampp\\htdocs...', 88, Array)
#1 C:\xampp\htdocs\connect2\vendor\codeigniter4\framework\system\View\View.php(210): include('C:\\xampp\\htdocs...')
#2 C:\xampp\htdocs\connect2\vendor\codeigniter4\framework\system\View\View.php(213): CodeIgniter\View\View->CodeIgniter\View\{closure}()
#3 C:\xampp\htdocs\connect2\vendor\codeigniter4\framework\system\Common.php(1089): CodeIgniter\View\View->render('Admin/language_...', Array, true)
#4 C:\xampp\htdocs\connect2\app\Controllers\Admin\LanguageController.php(19): view('Admin/language_...')
#5 C:\xampp\htdocs\connect2\vendor\codeigniter4\framework\system\CodeIgniter.php(832): App\Controllers\Admin\LanguageController->index()
#6 C:\xampp\htdocs\connect2\vendor\codeigniter4\framework\system\CodeIgniter.php(419): CodeIgniter\CodeIgniter->runController(Object(App\Controllers\Admin\LanguageController))
#7 C:\xampp\htdocs\connect2\vendor\codeigniter4\framework\system\CodeIgniter.php(326): CodeIgniter\CodeIgniter->handleRequest(NULL, Object(Config\Cache), false)
#8 C:\xampp\htdocs\connect2\public\index.php(37): CodeIgniter\CodeIgniter->run()
#9 C:\xampp\htdocs\connect2\vendor\codeigniter4\framework\system\Commands\Server\rewrite.php(43): require_once('C:\\xampp\\htdocs...')
#10 {main}
CRITICAL - 2022-03-15 06:05:00 --> Undefined index: label_code
#0 C:\xampp\htdocs\connect2\app\Views\Admin\language_specification.php(88): CodeIgniter\Debug\Exceptions->errorHandler(8, 'Undefined index...', 'C:\\xampp\\htdocs...', 88, Array)
#1 C:\xampp\htdocs\connect2\vendor\codeigniter4\framework\system\View\View.php(210): include('C:\\xampp\\htdocs...')
#2 C:\xampp\htdocs\connect2\vendor\codeigniter4\framework\system\View\View.php(213): CodeIgniter\View\View->CodeIgniter\View\{closure}()
#3 C:\xampp\htdocs\connect2\vendor\codeigniter4\framework\system\Common.php(1089): CodeIgniter\View\View->render('Admin/language_...', Array, true)
#4 C:\xampp\htdocs\connect2\app\Controllers\Admin\LanguageController.php(19): view('Admin/language_...')
#5 C:\xampp\htdocs\connect2\vendor\codeigniter4\framework\system\CodeIgniter.php(832): App\Controllers\Admin\LanguageController->index()
#6 C:\xampp\htdocs\connect2\vendor\codeigniter4\framework\system\CodeIgniter.php(419): CodeIgniter\CodeIgniter->runController(Object(App\Controllers\Admin\LanguageController))
#7 C:\xampp\htdocs\connect2\vendor\codeigniter4\framework\system\CodeIgniter.php(326): CodeIgniter\CodeIgniter->handleRequest(NULL, Object(Config\Cache), false)
#8 C:\xampp\htdocs\connect2\public\index.php(37): CodeIgniter\CodeIgniter->run()
#9 C:\xampp\htdocs\connect2\vendor\codeigniter4\framework\system\Commands\Server\rewrite.php(43): require_once('C:\\xampp\\htdocs...')
#10 {main}
ERROR - 2022-03-15 06:13:46 --> Column 'id' in order clause is ambiguous
CRITICAL - 2022-03-15 06:13:46 --> Column 'id' in order clause is ambiguous
#0 C:\xampp\htdocs\connect2\vendor\codeigniter4\framework\system\Database\MySQLi\Connection.php(292): mysqli->query('select count(*)...', 0)
#1 C:\xampp\htdocs\connect2\vendor\codeigniter4\framework\system\Database\BaseConnection.php(670): CodeIgniter\Database\MySQLi\Connection->execute('select count(*)...')
#2 C:\xampp\htdocs\connect2\vendor\codeigniter4\framework\system\Database\BaseConnection.php(598): CodeIgniter\Database\BaseConnection->simpleQuery('select count(*)...')
#3 C:\xampp\htdocs\connect2\vendor\codeigniter4\framework\system\Model.php(726): CodeIgniter\Database\BaseConnection->query('select count(*)...')
#4 C:\xampp\htdocs\connect2\app\Controllers\Admin\QuestionAnswerController.php(157): CodeIgniter\Model->__call('query', Array)
#5 C:\xampp\htdocs\connect2\vendor\codeigniter4\framework\system\CodeIgniter.php(832): App\Controllers\Admin\QuestionAnswerController->fetchCategoryQuestionList()
#6 C:\xampp\htdocs\connect2\vendor\codeigniter4\framework\system\CodeIgniter.php(419): CodeIgniter\CodeIgniter->runController(Object(App\Controllers\Admin\QuestionAnswerController))
#7 C:\xampp\htdocs\connect2\vendor\codeigniter4\framework\system\CodeIgniter.php(326): CodeIgniter\CodeIgniter->handleRequest(NULL, Object(Config\Cache), false)
#8 C:\xampp\htdocs\connect2\public\index.php(37): CodeIgniter\CodeIgniter->run()
#9 C:\xampp\htdocs\connect2\vendor\codeigniter4\framework\system\Commands\Server\rewrite.php(43): require_once('C:\\xampp\\htdocs...')
#10 {main}
CRITICAL - 2022-03-15 06:57:52 --> Undefined index: label_require_msg
#0 C:\xampp\htdocs\connect2\app\Views\Admin\language_specification.php(159): CodeIgniter\Debug\Exceptions->errorHandler(8, 'Undefined index...', 'C:\\xampp\\htdocs...', 159, Array)
#1 C:\xampp\htdocs\connect2\vendor\codeigniter4\framework\system\View\View.php(210): include('C:\\xampp\\htdocs...')
#2 C:\xampp\htdocs\connect2\vendor\codeigniter4\framework\system\View\View.php(213): CodeIgniter\View\View->CodeIgniter\View\{closure}()
#3 C:\xampp\htdocs\connect2\vendor\codeigniter4\framework\system\Common.php(1089): CodeIgniter\View\View->render('Admin/language_...', Array, true)
#4 C:\xampp\htdocs\connect2\app\Controllers\Admin\LanguageController.php(19): view('Admin/language_...')
#5 C:\xampp\htdocs\connect2\vendor\codeigniter4\framework\system\CodeIgniter.php(832): App\Controllers\Admin\LanguageController->index()
#6 C:\xampp\htdocs\connect2\vendor\codeigniter4\framework\system\CodeIgniter.php(419): CodeIgniter\CodeIgniter->runController(Object(App\Controllers\Admin\LanguageController))
#7 C:\xampp\htdocs\connect2\vendor\codeigniter4\framework\system\CodeIgniter.php(326): CodeIgniter\CodeIgniter->handleRequest(NULL, Object(Config\Cache), false)
#8 C:\xampp\htdocs\connect2\public\index.php(37): CodeIgniter\CodeIgniter->run()
#9 C:\xampp\htdocs\connect2\vendor\codeigniter4\framework\system\Commands\Server\rewrite.php(43): require_once('C:\\xampp\\htdocs...')
#10 {main}
CRITICAL - 2022-03-15 06:58:04 --> Undefined index: label_required_msg
#0 C:\xampp\htdocs\connect2\app\Views\Admin\language_specification.php(159): CodeIgniter\Debug\Exceptions->errorHandler(8, 'Undefined index...', 'C:\\xampp\\htdocs...', 159, Array)
#1 C:\xampp\htdocs\connect2\vendor\codeigniter4\framework\system\View\View.php(210): include('C:\\xampp\\htdocs...')
#2 C:\xampp\htdocs\connect2\vendor\codeigniter4\framework\system\View\View.php(213): CodeIgniter\View\View->CodeIgniter\View\{closure}()
#3 C:\xampp\htdocs\connect2\vendor\codeigniter4\framework\system\Common.php(1089): CodeIgniter\View\View->render('Admin/language_...', Array, true)
#4 C:\xampp\htdocs\connect2\app\Controllers\Admin\LanguageController.php(19): view('Admin/language_...')
#5 C:\xampp\htdocs\connect2\vendor\codeigniter4\framework\system\CodeIgniter.php(832): App\Controllers\Admin\LanguageController->index()
#6 C:\xampp\htdocs\connect2\vendor\codeigniter4\framework\system\CodeIgniter.php(419): CodeIgniter\CodeIgniter->runController(Object(App\Controllers\Admin\LanguageController))
#7 C:\xampp\htdocs\connect2\vendor\codeigniter4\framework\system\CodeIgniter.php(326): CodeIgniter\CodeIgniter->handleRequest(NULL, Object(Config\Cache), false)
#8 C:\xampp\htdocs\connect2\public\index.php(37): CodeIgniter\CodeIgniter->run()
#9 C:\xampp\htdocs\connect2\vendor\codeigniter4\framework\system\Commands\Server\rewrite.php(43): require_once('C:\\xampp\\htdocs...')
#10 {main}
CRITICAL - 2022-03-15 06:58:12 --> Undefined index: label_required_msg
#0 C:\xampp\htdocs\connect2\app\Views\Admin\language_specification.php(159): CodeIgniter\Debug\Exceptions->errorHandler(8, 'Undefined index...', 'C:\\xampp\\htdocs...', 159, Array)
#1 C:\xampp\htdocs\connect2\vendor\codeigniter4\framework\system\View\View.php(210): include('C:\\xampp\\htdocs...')
#2 C:\xampp\htdocs\connect2\vendor\codeigniter4\framework\system\View\View.php(213): CodeIgniter\View\View->CodeIgniter\View\{closure}()
#3 C:\xampp\htdocs\connect2\vendor\codeigniter4\framework\system\Common.php(1089): CodeIgniter\View\View->render('Admin/language_...', Array, true)
#4 C:\xampp\htdocs\connect2\app\Controllers\Admin\LanguageController.php(19): view('Admin/language_...')
#5 C:\xampp\htdocs\connect2\vendor\codeigniter4\framework\system\CodeIgniter.php(832): App\Controllers\Admin\LanguageController->index()
#6 C:\xampp\htdocs\connect2\vendor\codeigniter4\framework\system\CodeIgniter.php(419): CodeIgniter\CodeIgniter->runController(Object(App\Controllers\Admin\LanguageController))
#7 C:\xampp\htdocs\connect2\vendor\codeigniter4\framework\system\CodeIgniter.php(326): CodeIgniter\CodeIgniter->handleRequest(NULL, Object(Config\Cache), false)
#8 C:\xampp\htdocs\connect2\public\index.php(37): CodeIgniter\CodeIgniter->run()
#9 C:\xampp\htdocs\connect2\vendor\codeigniter4\framework\system\Commands\Server\rewrite.php(43): require_once('C:\\xampp\\htdocs...')
#10 {main}
CRITICAL - 2022-03-15 06:58:21 --> Undefined index: label_require_msg
#0 C:\xampp\htdocs\connect2\app\Views\Admin\language_specification.php(159): CodeIgniter\Debug\Exceptions->errorHandler(8, 'Undefined index...', 'C:\\xampp\\htdocs...', 159, Array)
#1 C:\xampp\htdocs\connect2\vendor\codeigniter4\framework\system\View\View.php(210): include('C:\\xampp\\htdocs...')
#2 C:\xampp\htdocs\connect2\vendor\codeigniter4\framework\system\View\View.php(213): CodeIgniter\View\View->CodeIgniter\View\{closure}()
#3 C:\xampp\htdocs\connect2\vendor\codeigniter4\framework\system\Common.php(1089): CodeIgniter\View\View->render('Admin/language_...', Array, true)
#4 C:\xampp\htdocs\connect2\app\Controllers\Admin\LanguageController.php(19): view('Admin/language_...')
#5 C:\xampp\htdocs\connect2\vendor\codeigniter4\framework\system\CodeIgniter.php(832): App\Controllers\Admin\LanguageController->index()
#6 C:\xampp\htdocs\connect2\vendor\codeigniter4\framework\system\CodeIgniter.php(419): CodeIgniter\CodeIgniter->runController(Object(App\Controllers\Admin\LanguageController))
#7 C:\xampp\htdocs\connect2\vendor\codeigniter4\framework\system\CodeIgniter.php(326): CodeIgniter\CodeIgniter->handleRequest(NULL, Object(Config\Cache), false)
#8 C:\xampp\htdocs\connect2\public\index.php(37): CodeIgniter\CodeIgniter->run()
#9 C:\xampp\htdocs\connect2\vendor\codeigniter4\framework\system\Commands\Server\rewrite.php(43): require_once('C:\\xampp\\htdocs...')
#10 {main}
CRITICAL - 2022-03-15 07:00:02 --> Undefined index: label_required_msg
#0 C:\xampp\htdocs\connect2\app\Views\Admin\language_specification.php(159): CodeIgniter\Debug\Exceptions->errorHandler(8, 'Undefined index...', 'C:\\xampp\\htdocs...', 159, Array)
#1 C:\xampp\htdocs\connect2\vendor\codeigniter4\framework\system\View\View.php(210): include('C:\\xampp\\htdocs...')
#2 C:\xampp\htdocs\connect2\vendor\codeigniter4\framework\system\View\View.php(213): CodeIgniter\View\View->CodeIgniter\View\{closure}()
#3 C:\xampp\htdocs\connect2\vendor\codeigniter4\framework\system\Common.php(1089): CodeIgniter\View\View->render('Admin/language_...', Array, true)
#4 C:\xampp\htdocs\connect2\app\Controllers\Admin\LanguageController.php(19): view('Admin/language_...')
#5 C:\xampp\htdocs\connect2\vendor\codeigniter4\framework\system\CodeIgniter.php(832): App\Controllers\Admin\LanguageController->index()
#6 C:\xampp\htdocs\connect2\vendor\codeigniter4\framework\system\CodeIgniter.php(419): CodeIgniter\CodeIgniter->runController(Object(App\Controllers\Admin\LanguageController))
#7 C:\xampp\htdocs\connect2\vendor\codeigniter4\framework\system\CodeIgniter.php(326): CodeIgniter\CodeIgniter->handleRequest(NULL, Object(Config\Cache), false)
#8 C:\xampp\htdocs\connect2\public\index.php(37): CodeIgniter\CodeIgniter->run()
#9 C:\xampp\htdocs\connect2\vendor\codeigniter4\framework\system\Commands\Server\rewrite.php(43): require_once('C:\\xampp\\htdocs...')
#10 {main}
CRITICAL - 2022-03-15 07:09:16 --> Undefined index: en_label_required_msg
#0 C:\xampp\htdocs\connect2\app\Views\Admin\language_specification.php(165): CodeIgniter\Debug\Exceptions->errorHandler(8, 'Undefined index...', 'C:\\xampp\\htdocs...', 165, Array)
#1 C:\xampp\htdocs\connect2\vendor\codeigniter4\framework\system\View\View.php(210): include('C:\\xampp\\htdocs...')
#2 C:\xampp\htdocs\connect2\vendor\codeigniter4\framework\system\View\View.php(213): CodeIgniter\View\View->CodeIgniter\View\{closure}()
#3 C:\xampp\htdocs\connect2\vendor\codeigniter4\framework\system\Common.php(1089): CodeIgniter\View\View->render('Admin/language_...', Array, true)
#4 C:\xampp\htdocs\connect2\app\Controllers\Admin\LanguageController.php(19): view('Admin/language_...')
#5 C:\xampp\htdocs\connect2\vendor\codeigniter4\framework\system\CodeIgniter.php(832): App\Controllers\Admin\LanguageController->index()
#6 C:\xampp\htdocs\connect2\vendor\codeigniter4\framework\system\CodeIgniter.php(419): CodeIgniter\CodeIgniter->runController(Object(App\Controllers\Admin\LanguageController))
#7 C:\xampp\htdocs\connect2\vendor\codeigniter4\framework\system\CodeIgniter.php(326): CodeIgniter\CodeIgniter->handleRequest(NULL, Object(Config\Cache), false)
#8 C:\xampp\htdocs\connect2\public\index.php(37): CodeIgniter\CodeIgniter->run()
#9 C:\xampp\htdocs\connect2\vendor\codeigniter4\framework\system\Commands\Server\rewrite.php(43): require_once('C:\\xampp\\htdocs...')
#10 {main}
