CRITICAL - 2022-03-08 03:06:02 --> Undefined variable: resp
#0 C:\xampp\htdocs\connect2\app\Views\Admin\category.php(49): CodeIgniter\Debug\Exceptions->errorHandler(8, 'Undefined varia...', 'C:\\xampp\\htdocs...', 49, Array)
#1 C:\xampp\htdocs\connect2\vendor\codeigniter4\framework\system\View\View.php(210): include('C:\\xampp\\htdocs...')
#2 C:\xampp\htdocs\connect2\vendor\codeigniter4\framework\system\View\View.php(213): CodeIgniter\View\View->CodeIgniter\View\{closure}()
#3 C:\xampp\htdocs\connect2\vendor\codeigniter4\framework\system\Common.php(1089): CodeIgniter\View\View->render('Admin/category', Array, true)
#4 C:\xampp\htdocs\connect2\app\Controllers\Admin\categoryController.php(19): view('Admin/category')
#5 C:\xampp\htdocs\connect2\vendor\codeigniter4\framework\system\CodeIgniter.php(832): App\Controllers\Admin\categoryController->index()
#6 C:\xampp\htdocs\connect2\vendor\codeigniter4\framework\system\CodeIgniter.php(419): CodeIgniter\CodeIgniter->runController(Object(App\Controllers\Admin\categoryController))
#7 C:\xampp\htdocs\connect2\vendor\codeigniter4\framework\system\CodeIgniter.php(326): CodeIgniter\CodeIgniter->handleRequest(NULL, Object(Config\Cache), false)
#8 C:\xampp\htdocs\connect2\public\index.php(37): CodeIgniter\CodeIgniter->run()
#9 C:\xampp\htdocs\connect2\vendor\codeigniter4\framework\system\Commands\Server\rewrite.php(43): require_once('C:\\xampp\\htdocs...')
#10 {main}
CRITICAL - 2022-03-08 03:07:57 --> Undefined variable: resp
#0 C:\xampp\htdocs\connect2\app\Views\Admin\category.php(49): CodeIgniter\Debug\Exceptions->errorHandler(8, 'Undefined varia...', 'C:\\xampp\\htdocs...', 49, Array)
#1 C:\xampp\htdocs\connect2\vendor\codeigniter4\framework\system\View\View.php(210): include('C:\\xampp\\htdocs...')
#2 C:\xampp\htdocs\connect2\vendor\codeigniter4\framework\system\View\View.php(213): CodeIgniter\View\View->CodeIgniter\View\{closure}()
#3 C:\xampp\htdocs\connect2\vendor\codeigniter4\framework\system\Common.php(1089): CodeIgniter\View\View->render('Admin/category', Array, true)
#4 C:\xampp\htdocs\connect2\app\Controllers\Admin\categoryController.php(19): view('Admin/category')
#5 C:\xampp\htdocs\connect2\vendor\codeigniter4\framework\system\CodeIgniter.php(832): App\Controllers\Admin\categoryController->index()
#6 C:\xampp\htdocs\connect2\vendor\codeigniter4\framework\system\CodeIgniter.php(419): CodeIgniter\CodeIgniter->runController(Object(App\Controllers\Admin\categoryController))
#7 C:\xampp\htdocs\connect2\vendor\codeigniter4\framework\system\CodeIgniter.php(326): CodeIgniter\CodeIgniter->handleRequest(NULL, Object(Config\Cache), false)
#8 C:\xampp\htdocs\connect2\public\index.php(37): CodeIgniter\CodeIgniter->run()
#9 C:\xampp\htdocs\connect2\vendor\codeigniter4\framework\system\Commands\Server\rewrite.php(43): require_once('C:\\xampp\\htdocs...')
#10 {main}
CRITICAL - 2022-03-08 03:32:29 --> Undefined index: first_name
#0 C:\xampp\htdocs\connect2\app\Views\Admin\category.php(53): CodeIgniter\Debug\Exceptions->errorHandler(8, 'Undefined index...', 'C:\\xampp\\htdocs...', 53, Array)
#1 C:\xampp\htdocs\connect2\vendor\codeigniter4\framework\system\View\View.php(210): include('C:\\xampp\\htdocs...')
#2 C:\xampp\htdocs\connect2\vendor\codeigniter4\framework\system\View\View.php(213): CodeIgniter\View\View->CodeIgniter\View\{closure}()
#3 C:\xampp\htdocs\connect2\vendor\codeigniter4\framework\system\Common.php(1089): CodeIgniter\View\View->render('Admin/category', Array, true)
#4 C:\xampp\htdocs\connect2\app\Controllers\Admin\categoryController.php(22): view('Admin/category', Array)
#5 C:\xampp\htdocs\connect2\vendor\codeigniter4\framework\system\CodeIgniter.php(832): App\Controllers\Admin\categoryController->index()
#6 C:\xampp\htdocs\connect2\vendor\codeigniter4\framework\system\CodeIgniter.php(419): CodeIgniter\CodeIgniter->runController(Object(App\Controllers\Admin\categoryController))
#7 C:\xampp\htdocs\connect2\vendor\codeigniter4\framework\system\CodeIgniter.php(326): CodeIgniter\CodeIgniter->handleRequest(NULL, Object(Config\Cache), false)
#8 C:\xampp\htdocs\connect2\public\index.php(37): CodeIgniter\CodeIgniter->run()
#9 C:\xampp\htdocs\connect2\vendor\codeigniter4\framework\system\Commands\Server\rewrite.php(43): require_once('C:\\xampp\\htdocs...')
#10 {main}
CRITICAL - 2022-03-08 03:33:05 --> Undefined index: first_name
#0 C:\xampp\htdocs\connect2\app\Views\Admin\category.php(54): CodeIgniter\Debug\Exceptions->errorHandler(8, 'Undefined index...', 'C:\\xampp\\htdocs...', 54, Array)
#1 C:\xampp\htdocs\connect2\vendor\codeigniter4\framework\system\View\View.php(210): include('C:\\xampp\\htdocs...')
#2 C:\xampp\htdocs\connect2\vendor\codeigniter4\framework\system\View\View.php(213): CodeIgniter\View\View->CodeIgniter\View\{closure}()
#3 C:\xampp\htdocs\connect2\vendor\codeigniter4\framework\system\Common.php(1089): CodeIgniter\View\View->render('Admin/category', Array, true)
#4 C:\xampp\htdocs\connect2\app\Controllers\Admin\categoryController.php(22): view('Admin/category', Array)
#5 C:\xampp\htdocs\connect2\vendor\codeigniter4\framework\system\CodeIgniter.php(832): App\Controllers\Admin\categoryController->index()
#6 C:\xampp\htdocs\connect2\vendor\codeigniter4\framework\system\CodeIgniter.php(419): CodeIgniter\CodeIgniter->runController(Object(App\Controllers\Admin\categoryController))
#7 C:\xampp\htdocs\connect2\vendor\codeigniter4\framework\system\CodeIgniter.php(326): CodeIgniter\CodeIgniter->handleRequest(NULL, Object(Config\Cache), false)
#8 C:\xampp\htdocs\connect2\public\index.php(37): CodeIgniter\CodeIgniter->run()
#9 C:\xampp\htdocs\connect2\vendor\codeigniter4\framework\system\Commands\Server\rewrite.php(43): require_once('C:\\xampp\\htdocs...')
#10 {main}
CRITICAL - 2022-03-08 03:33:06 --> Undefined index: first_name
#0 C:\xampp\htdocs\connect2\app\Views\Admin\category.php(54): CodeIgniter\Debug\Exceptions->errorHandler(8, 'Undefined index...', 'C:\\xampp\\htdocs...', 54, Array)
#1 C:\xampp\htdocs\connect2\vendor\codeigniter4\framework\system\View\View.php(210): include('C:\\xampp\\htdocs...')
#2 C:\xampp\htdocs\connect2\vendor\codeigniter4\framework\system\View\View.php(213): CodeIgniter\View\View->CodeIgniter\View\{closure}()
#3 C:\xampp\htdocs\connect2\vendor\codeigniter4\framework\system\Common.php(1089): CodeIgniter\View\View->render('Admin/category', Array, true)
#4 C:\xampp\htdocs\connect2\app\Controllers\Admin\categoryController.php(22): view('Admin/category', Array)
#5 C:\xampp\htdocs\connect2\vendor\codeigniter4\framework\system\CodeIgniter.php(832): App\Controllers\Admin\categoryController->index()
#6 C:\xampp\htdocs\connect2\vendor\codeigniter4\framework\system\CodeIgniter.php(419): CodeIgniter\CodeIgniter->runController(Object(App\Controllers\Admin\categoryController))
#7 C:\xampp\htdocs\connect2\vendor\codeigniter4\framework\system\CodeIgniter.php(326): CodeIgniter\CodeIgniter->handleRequest(NULL, Object(Config\Cache), false)
#8 C:\xampp\htdocs\connect2\public\index.php(37): CodeIgniter\CodeIgniter->run()
#9 C:\xampp\htdocs\connect2\vendor\codeigniter4\framework\system\Commands\Server\rewrite.php(43): require_once('C:\\xampp\\htdocs...')
#10 {main}
CRITICAL - 2022-03-08 03:35:38 --> Undefined index: is_active
#0 C:\xampp\htdocs\connect2\app\Views\Admin\category.php(59): CodeIgniter\Debug\Exceptions->errorHandler(8, 'Undefined index...', 'C:\\xampp\\htdocs...', 59, Array)
#1 C:\xampp\htdocs\connect2\vendor\codeigniter4\framework\system\View\View.php(210): include('C:\\xampp\\htdocs...')
#2 C:\xampp\htdocs\connect2\vendor\codeigniter4\framework\system\View\View.php(213): CodeIgniter\View\View->CodeIgniter\View\{closure}()
#3 C:\xampp\htdocs\connect2\vendor\codeigniter4\framework\system\Common.php(1089): CodeIgniter\View\View->render('Admin/category', Array, true)
#4 C:\xampp\htdocs\connect2\app\Controllers\Admin\categoryController.php(22): view('Admin/category', Array)
#5 C:\xampp\htdocs\connect2\vendor\codeigniter4\framework\system\CodeIgniter.php(832): App\Controllers\Admin\categoryController->index()
#6 C:\xampp\htdocs\connect2\vendor\codeigniter4\framework\system\CodeIgniter.php(419): CodeIgniter\CodeIgniter->runController(Object(App\Controllers\Admin\categoryController))
#7 C:\xampp\htdocs\connect2\vendor\codeigniter4\framework\system\CodeIgniter.php(326): CodeIgniter\CodeIgniter->handleRequest(NULL, Object(Config\Cache), false)
#8 C:\xampp\htdocs\connect2\public\index.php(37): CodeIgniter\CodeIgniter->run()
#9 C:\xampp\htdocs\connect2\vendor\codeigniter4\framework\system\Commands\Server\rewrite.php(43): require_once('C:\\xampp\\htdocs...')
#10 {main}
CRITICAL - 2022-03-08 03:59:29 --> Undefined index: is_active
#0 C:\xampp\htdocs\connect2\app\Views\Admin\category.php(58): CodeIgniter\Debug\Exceptions->errorHandler(8, 'Undefined index...', 'C:\\xampp\\htdocs...', 58, Array)
#1 C:\xampp\htdocs\connect2\vendor\codeigniter4\framework\system\View\View.php(210): include('C:\\xampp\\htdocs...')
#2 C:\xampp\htdocs\connect2\vendor\codeigniter4\framework\system\View\View.php(213): CodeIgniter\View\View->CodeIgniter\View\{closure}()
#3 C:\xampp\htdocs\connect2\vendor\codeigniter4\framework\system\Common.php(1089): CodeIgniter\View\View->render('Admin/category', Array, true)
#4 C:\xampp\htdocs\connect2\app\Controllers\Admin\categoryController.php(21): view('Admin/category', Array)
#5 C:\xampp\htdocs\connect2\vendor\codeigniter4\framework\system\CodeIgniter.php(832): App\Controllers\Admin\categoryController->index()
#6 C:\xampp\htdocs\connect2\vendor\codeigniter4\framework\system\CodeIgniter.php(419): CodeIgniter\CodeIgniter->runController(Object(App\Controllers\Admin\categoryController))
#7 C:\xampp\htdocs\connect2\vendor\codeigniter4\framework\system\CodeIgniter.php(326): CodeIgniter\CodeIgniter->handleRequest(NULL, Object(Config\Cache), false)
#8 C:\xampp\htdocs\connect2\public\index.php(37): CodeIgniter\CodeIgniter->run()
#9 C:\xampp\htdocs\connect2\vendor\codeigniter4\framework\system\Commands\Server\rewrite.php(43): require_once('C:\\xampp\\htdocs...')
#10 {main}
CRITICAL - 2022-03-08 04:00:04 --> Undefined index: is_active
#0 C:\xampp\htdocs\connect2\app\Views\Admin\category.php(58): CodeIgniter\Debug\Exceptions->errorHandler(8, 'Undefined index...', 'C:\\xampp\\htdocs...', 58, Array)
#1 C:\xampp\htdocs\connect2\vendor\codeigniter4\framework\system\View\View.php(210): include('C:\\xampp\\htdocs...')
#2 C:\xampp\htdocs\connect2\vendor\codeigniter4\framework\system\View\View.php(213): CodeIgniter\View\View->CodeIgniter\View\{closure}()
#3 C:\xampp\htdocs\connect2\vendor\codeigniter4\framework\system\Common.php(1089): CodeIgniter\View\View->render('Admin/category', Array, true)
#4 C:\xampp\htdocs\connect2\app\Controllers\Admin\categoryController.php(21): view('Admin/category', Array)
#5 C:\xampp\htdocs\connect2\vendor\codeigniter4\framework\system\CodeIgniter.php(832): App\Controllers\Admin\categoryController->index()
#6 C:\xampp\htdocs\connect2\vendor\codeigniter4\framework\system\CodeIgniter.php(419): CodeIgniter\CodeIgniter->runController(Object(App\Controllers\Admin\categoryController))
#7 C:\xampp\htdocs\connect2\vendor\codeigniter4\framework\system\CodeIgniter.php(326): CodeIgniter\CodeIgniter->handleRequest(NULL, Object(Config\Cache), false)
#8 C:\xampp\htdocs\connect2\public\index.php(37): CodeIgniter\CodeIgniter->run()
#9 C:\xampp\htdocs\connect2\vendor\codeigniter4\framework\system\Commands\Server\rewrite.php(43): require_once('C:\\xampp\\htdocs...')
#10 {main}
CRITICAL - 2022-03-08 04:39:21 --> Undefined index: first_name
#0 C:\xampp\htdocs\connect2\app\Views\Admin\category.php(53): CodeIgniter\Debug\Exceptions->errorHandler(8, 'Undefined index...', 'C:\\xampp\\htdocs...', 53, Array)
#1 C:\xampp\htdocs\connect2\vendor\codeigniter4\framework\system\View\View.php(210): include('C:\\xampp\\htdocs...')
#2 C:\xampp\htdocs\connect2\vendor\codeigniter4\framework\system\View\View.php(213): CodeIgniter\View\View->CodeIgniter\View\{closure}()
#3 C:\xampp\htdocs\connect2\vendor\codeigniter4\framework\system\Common.php(1089): CodeIgniter\View\View->render('Admin/category', Array, true)
#4 C:\xampp\htdocs\connect2\app\Controllers\Admin\categoryController.php(21): view('Admin/category', Array)
#5 C:\xampp\htdocs\connect2\vendor\codeigniter4\framework\system\CodeIgniter.php(832): App\Controllers\Admin\categoryController->index()
#6 C:\xampp\htdocs\connect2\vendor\codeigniter4\framework\system\CodeIgniter.php(419): CodeIgniter\CodeIgniter->runController(Object(App\Controllers\Admin\categoryController))
#7 C:\xampp\htdocs\connect2\vendor\codeigniter4\framework\system\CodeIgniter.php(326): CodeIgniter\CodeIgniter->handleRequest(NULL, Object(Config\Cache), false)
#8 C:\xampp\htdocs\connect2\public\index.php(37): CodeIgniter\CodeIgniter->run()
#9 C:\xampp\htdocs\connect2\vendor\codeigniter4\framework\system\Commands\Server\rewrite.php(43): require_once('C:\\xampp\\htdocs...')
#10 {main}
CRITICAL - 2022-03-08 04:41:48 --> Undefined index: scope
#0 C:\xampp\htdocs\connect2\app\Views\Admin\category.php(50): CodeIgniter\Debug\Exceptions->errorHandler(8, 'Undefined index...', 'C:\\xampp\\htdocs...', 50, Array)
#1 C:\xampp\htdocs\connect2\vendor\codeigniter4\framework\system\View\View.php(210): include('C:\\xampp\\htdocs...')
#2 C:\xampp\htdocs\connect2\vendor\codeigniter4\framework\system\View\View.php(213): CodeIgniter\View\View->CodeIgniter\View\{closure}()
#3 C:\xampp\htdocs\connect2\vendor\codeigniter4\framework\system\Common.php(1089): CodeIgniter\View\View->render('Admin/category', Array, true)
#4 C:\xampp\htdocs\connect2\app\Controllers\Admin\categoryController.php(21): view('Admin/category', Array)
#5 C:\xampp\htdocs\connect2\vendor\codeigniter4\framework\system\CodeIgniter.php(832): App\Controllers\Admin\categoryController->index()
#6 C:\xampp\htdocs\connect2\vendor\codeigniter4\framework\system\CodeIgniter.php(419): CodeIgniter\CodeIgniter->runController(Object(App\Controllers\Admin\categoryController))
#7 C:\xampp\htdocs\connect2\vendor\codeigniter4\framework\system\CodeIgniter.php(326): CodeIgniter\CodeIgniter->handleRequest(NULL, Object(Config\Cache), false)
#8 C:\xampp\htdocs\connect2\public\index.php(37): CodeIgniter\CodeIgniter->run()
#9 C:\xampp\htdocs\connect2\vendor\codeigniter4\framework\system\Commands\Server\rewrite.php(43): require_once('C:\\xampp\\htdocs...')
#10 {main}
CRITICAL - 2022-03-08 04:42:01 --> Undefined index: is_active
#0 C:\xampp\htdocs\connect2\app\Views\Admin\category.php(59): CodeIgniter\Debug\Exceptions->errorHandler(8, 'Undefined index...', 'C:\\xampp\\htdocs...', 59, Array)
#1 C:\xampp\htdocs\connect2\vendor\codeigniter4\framework\system\View\View.php(210): include('C:\\xampp\\htdocs...')
#2 C:\xampp\htdocs\connect2\vendor\codeigniter4\framework\system\View\View.php(213): CodeIgniter\View\View->CodeIgniter\View\{closure}()
#3 C:\xampp\htdocs\connect2\vendor\codeigniter4\framework\system\Common.php(1089): CodeIgniter\View\View->render('Admin/category', Array, true)
#4 C:\xampp\htdocs\connect2\app\Controllers\Admin\categoryController.php(21): view('Admin/category', Array)
#5 C:\xampp\htdocs\connect2\vendor\codeigniter4\framework\system\CodeIgniter.php(832): App\Controllers\Admin\categoryController->index()
#6 C:\xampp\htdocs\connect2\vendor\codeigniter4\framework\system\CodeIgniter.php(419): CodeIgniter\CodeIgniter->runController(Object(App\Controllers\Admin\categoryController))
#7 C:\xampp\htdocs\connect2\vendor\codeigniter4\framework\system\CodeIgniter.php(326): CodeIgniter\CodeIgniter->handleRequest(NULL, Object(Config\Cache), false)
#8 C:\xampp\htdocs\connect2\public\index.php(37): CodeIgniter\CodeIgniter->run()
#9 C:\xampp\htdocs\connect2\vendor\codeigniter4\framework\system\Commands\Server\rewrite.php(43): require_once('C:\\xampp\\htdocs...')
#10 {main}
CRITICAL - 2022-03-08 05:50:31 --> Undefined property: CodeIgniter\View\View::$load
#0 C:\xampp\htdocs\connect2\app\Views\Admin\category.php(1): CodeIgniter\Debug\Exceptions->errorHandler(8, 'Undefined prope...', 'C:\\xampp\\htdocs...', 1, Array)
#1 C:\xampp\htdocs\connect2\vendor\codeigniter4\framework\system\View\View.php(210): include('C:\\xampp\\htdocs...')
#2 C:\xampp\htdocs\connect2\vendor\codeigniter4\framework\system\View\View.php(213): CodeIgniter\View\View->CodeIgniter\View\{closure}()
#3 C:\xampp\htdocs\connect2\vendor\codeigniter4\framework\system\Common.php(1089): CodeIgniter\View\View->render('Admin/category', Array, true)
#4 C:\xampp\htdocs\connect2\app\Controllers\Admin\categoryController.php(21): view('Admin/category', Array)
#5 C:\xampp\htdocs\connect2\vendor\codeigniter4\framework\system\CodeIgniter.php(832): App\Controllers\Admin\categoryController->index()
#6 C:\xampp\htdocs\connect2\vendor\codeigniter4\framework\system\CodeIgniter.php(419): CodeIgniter\CodeIgniter->runController(Object(App\Controllers\Admin\categoryController))
#7 C:\xampp\htdocs\connect2\vendor\codeigniter4\framework\system\CodeIgniter.php(326): CodeIgniter\CodeIgniter->handleRequest(NULL, Object(Config\Cache), false)
#8 C:\xampp\htdocs\connect2\public\index.php(37): CodeIgniter\CodeIgniter->run()
#9 C:\xampp\htdocs\connect2\vendor\codeigniter4\framework\system\Commands\Server\rewrite.php(43): require_once('C:\\xampp\\htdocs...')
#10 {main}
CRITICAL - 2022-03-08 06:28:49 --> Invalid file: header.php
#0 C:\xampp\htdocs\connect2\vendor\codeigniter4\framework\system\View\View.php(198): CodeIgniter\Exceptions\FrameworkException::forInvalidFile('header.php')
#1 C:\xampp\htdocs\connect2\vendor\codeigniter4\framework\system\View\View.php(226): CodeIgniter\View\View->render('header', Array, true)
#2 C:\xampp\htdocs\connect2\vendor\codeigniter4\framework\system\Common.php(1089): CodeIgniter\View\View->render('Admin/category', Array, true)
#3 C:\xampp\htdocs\connect2\app\Controllers\Admin\categoryController.php(21): view('Admin/category', Array)
#4 C:\xampp\htdocs\connect2\vendor\codeigniter4\framework\system\CodeIgniter.php(832): App\Controllers\Admin\categoryController->index()
#5 C:\xampp\htdocs\connect2\vendor\codeigniter4\framework\system\CodeIgniter.php(419): CodeIgniter\CodeIgniter->runController(Object(App\Controllers\Admin\categoryController))
#6 C:\xampp\htdocs\connect2\vendor\codeigniter4\framework\system\CodeIgniter.php(326): CodeIgniter\CodeIgniter->handleRequest(NULL, Object(Config\Cache), false)
#7 C:\xampp\htdocs\connect2\public\index.php(37): CodeIgniter\CodeIgniter->run()
#8 C:\xampp\htdocs\connect2\vendor\codeigniter4\framework\system\Commands\Server\rewrite.php(43): require_once('C:\\xampp\\htdocs...')
#9 {main}
CRITICAL - 2022-03-08 06:30:26 --> Invalid file: header.php
#0 C:\xampp\htdocs\connect2\vendor\codeigniter4\framework\system\View\View.php(198): CodeIgniter\Exceptions\FrameworkException::forInvalidFile('header.php')
#1 C:\xampp\htdocs\connect2\vendor\codeigniter4\framework\system\View\View.php(424): CodeIgniter\View\View->render('header', NULL, true)
#2 C:\xampp\htdocs\connect2\app\Views\Admin\category.php(1): CodeIgniter\View\View->include('header')
#3 C:\xampp\htdocs\connect2\vendor\codeigniter4\framework\system\View\View.php(210): include('C:\\xampp\\htdocs...')
#4 C:\xampp\htdocs\connect2\vendor\codeigniter4\framework\system\View\View.php(213): CodeIgniter\View\View->CodeIgniter\View\{closure}()
#5 C:\xampp\htdocs\connect2\vendor\codeigniter4\framework\system\Common.php(1089): CodeIgniter\View\View->render('Admin/category', Array, true)
#6 C:\xampp\htdocs\connect2\app\Controllers\Admin\categoryController.php(21): view('Admin/category', Array)
#7 C:\xampp\htdocs\connect2\vendor\codeigniter4\framework\system\CodeIgniter.php(832): App\Controllers\Admin\categoryController->index()
#8 C:\xampp\htdocs\connect2\vendor\codeigniter4\framework\system\CodeIgniter.php(419): CodeIgniter\CodeIgniter->runController(Object(App\Controllers\Admin\categoryController))
#9 C:\xampp\htdocs\connect2\vendor\codeigniter4\framework\system\CodeIgniter.php(326): CodeIgniter\CodeIgniter->handleRequest(NULL, Object(Config\Cache), false)
#10 C:\xampp\htdocs\connect2\public\index.php(37): CodeIgniter\CodeIgniter->run()
#11 C:\xampp\htdocs\connect2\vendor\codeigniter4\framework\system\Commands\Server\rewrite.php(43): require_once('C:\\xampp\\htdocs...')
#12 {main}
CRITICAL - 2022-03-08 06:30:28 --> Invalid file: header.php
#0 C:\xampp\htdocs\connect2\vendor\codeigniter4\framework\system\View\View.php(198): CodeIgniter\Exceptions\FrameworkException::forInvalidFile('header.php')
#1 C:\xampp\htdocs\connect2\vendor\codeigniter4\framework\system\View\View.php(424): CodeIgniter\View\View->render('header', NULL, true)
#2 C:\xampp\htdocs\connect2\app\Views\Admin\category.php(1): CodeIgniter\View\View->include('header')
#3 C:\xampp\htdocs\connect2\vendor\codeigniter4\framework\system\View\View.php(210): include('C:\\xampp\\htdocs...')
#4 C:\xampp\htdocs\connect2\vendor\codeigniter4\framework\system\View\View.php(213): CodeIgniter\View\View->CodeIgniter\View\{closure}()
#5 C:\xampp\htdocs\connect2\vendor\codeigniter4\framework\system\Common.php(1089): CodeIgniter\View\View->render('Admin/category', Array, true)
#6 C:\xampp\htdocs\connect2\app\Controllers\Admin\categoryController.php(21): view('Admin/category', Array)
#7 C:\xampp\htdocs\connect2\vendor\codeigniter4\framework\system\CodeIgniter.php(832): App\Controllers\Admin\categoryController->index()
#8 C:\xampp\htdocs\connect2\vendor\codeigniter4\framework\system\CodeIgniter.php(419): CodeIgniter\CodeIgniter->runController(Object(App\Controllers\Admin\categoryController))
#9 C:\xampp\htdocs\connect2\vendor\codeigniter4\framework\system\CodeIgniter.php(326): CodeIgniter\CodeIgniter->handleRequest(NULL, Object(Config\Cache), false)
#10 C:\xampp\htdocs\connect2\public\index.php(37): CodeIgniter\CodeIgniter->run()
#11 C:\xampp\htdocs\connect2\vendor\codeigniter4\framework\system\Commands\Server\rewrite.php(43): require_once('C:\\xampp\\htdocs...')
#12 {main}
CRITICAL - 2022-03-08 06:30:38 --> Invalid file: /header.php
#0 C:\xampp\htdocs\connect2\vendor\codeigniter4\framework\system\View\View.php(198): CodeIgniter\Exceptions\FrameworkException::forInvalidFile('/header.php')
#1 C:\xampp\htdocs\connect2\vendor\codeigniter4\framework\system\View\View.php(424): CodeIgniter\View\View->render('/header', NULL, true)
#2 C:\xampp\htdocs\connect2\app\Views\Admin\category.php(1): CodeIgniter\View\View->include('/header')
#3 C:\xampp\htdocs\connect2\vendor\codeigniter4\framework\system\View\View.php(210): include('C:\\xampp\\htdocs...')
#4 C:\xampp\htdocs\connect2\vendor\codeigniter4\framework\system\View\View.php(213): CodeIgniter\View\View->CodeIgniter\View\{closure}()
#5 C:\xampp\htdocs\connect2\vendor\codeigniter4\framework\system\Common.php(1089): CodeIgniter\View\View->render('Admin/category', Array, true)
#6 C:\xampp\htdocs\connect2\app\Controllers\Admin\categoryController.php(21): view('Admin/category', Array)
#7 C:\xampp\htdocs\connect2\vendor\codeigniter4\framework\system\CodeIgniter.php(832): App\Controllers\Admin\categoryController->index()
#8 C:\xampp\htdocs\connect2\vendor\codeigniter4\framework\system\CodeIgniter.php(419): CodeIgniter\CodeIgniter->runController(Object(App\Controllers\Admin\categoryController))
#9 C:\xampp\htdocs\connect2\vendor\codeigniter4\framework\system\CodeIgniter.php(326): CodeIgniter\CodeIgniter->handleRequest(NULL, Object(Config\Cache), false)
#10 C:\xampp\htdocs\connect2\public\index.php(37): CodeIgniter\CodeIgniter->run()
#11 C:\xampp\htdocs\connect2\vendor\codeigniter4\framework\system\Commands\Server\rewrite.php(43): require_once('C:\\xampp\\htdocs...')
#12 {main}
CRITICAL - 2022-03-08 06:30:39 --> Invalid file: /header.php
#0 C:\xampp\htdocs\connect2\vendor\codeigniter4\framework\system\View\View.php(198): CodeIgniter\Exceptions\FrameworkException::forInvalidFile('/header.php')
#1 C:\xampp\htdocs\connect2\vendor\codeigniter4\framework\system\View\View.php(424): CodeIgniter\View\View->render('/header', NULL, true)
#2 C:\xampp\htdocs\connect2\app\Views\Admin\category.php(1): CodeIgniter\View\View->include('/header')
#3 C:\xampp\htdocs\connect2\vendor\codeigniter4\framework\system\View\View.php(210): include('C:\\xampp\\htdocs...')
#4 C:\xampp\htdocs\connect2\vendor\codeigniter4\framework\system\View\View.php(213): CodeIgniter\View\View->CodeIgniter\View\{closure}()
#5 C:\xampp\htdocs\connect2\vendor\codeigniter4\framework\system\Common.php(1089): CodeIgniter\View\View->render('Admin/category', Array, true)
#6 C:\xampp\htdocs\connect2\app\Controllers\Admin\categoryController.php(21): view('Admin/category', Array)
#7 C:\xampp\htdocs\connect2\vendor\codeigniter4\framework\system\CodeIgniter.php(832): App\Controllers\Admin\categoryController->index()
#8 C:\xampp\htdocs\connect2\vendor\codeigniter4\framework\system\CodeIgniter.php(419): CodeIgniter\CodeIgniter->runController(Object(App\Controllers\Admin\categoryController))
#9 C:\xampp\htdocs\connect2\vendor\codeigniter4\framework\system\CodeIgniter.php(326): CodeIgniter\CodeIgniter->handleRequest(NULL, Object(Config\Cache), false)
#10 C:\xampp\htdocs\connect2\public\index.php(37): CodeIgniter\CodeIgniter->run()
#11 C:\xampp\htdocs\connect2\vendor\codeigniter4\framework\system\Commands\Server\rewrite.php(43): require_once('C:\\xampp\\htdocs...')
#12 {main}
CRITICAL - 2022-03-08 06:37:02 --> Invalid file: header.php
#0 C:\xampp\htdocs\connect2\vendor\codeigniter4\framework\system\View\View.php(198): CodeIgniter\Exceptions\FrameworkException::forInvalidFile('header.php')
#1 C:\xampp\htdocs\connect2\vendor\codeigniter4\framework\system\Common.php(1089): CodeIgniter\View\View->render('header', Array, true)
#2 C:\xampp\htdocs\connect2\app\Views\Admin\category.php(1): view('header')
#3 C:\xampp\htdocs\connect2\vendor\codeigniter4\framework\system\View\View.php(210): include('C:\\xampp\\htdocs...')
#4 C:\xampp\htdocs\connect2\vendor\codeigniter4\framework\system\View\View.php(213): CodeIgniter\View\View->CodeIgniter\View\{closure}()
#5 C:\xampp\htdocs\connect2\vendor\codeigniter4\framework\system\Common.php(1089): CodeIgniter\View\View->render('Admin/category', Array, true)
#6 C:\xampp\htdocs\connect2\app\Controllers\Admin\categoryController.php(21): view('Admin/category', Array)
#7 C:\xampp\htdocs\connect2\vendor\codeigniter4\framework\system\CodeIgniter.php(832): App\Controllers\Admin\categoryController->index()
#8 C:\xampp\htdocs\connect2\vendor\codeigniter4\framework\system\CodeIgniter.php(419): CodeIgniter\CodeIgniter->runController(Object(App\Controllers\Admin\categoryController))
#9 C:\xampp\htdocs\connect2\vendor\codeigniter4\framework\system\CodeIgniter.php(326): CodeIgniter\CodeIgniter->handleRequest(NULL, Object(Config\Cache), false)
#10 C:\xampp\htdocs\connect2\public\index.php(37): CodeIgniter\CodeIgniter->run()
#11 C:\xampp\htdocs\connect2\vendor\codeigniter4\framework\system\Commands\Server\rewrite.php(43): require_once('C:\\xampp\\htdocs...')
#12 {main}
CRITICAL - 2022-03-08 06:37:03 --> Invalid file: header.php
#0 C:\xampp\htdocs\connect2\vendor\codeigniter4\framework\system\View\View.php(198): CodeIgniter\Exceptions\FrameworkException::forInvalidFile('header.php')
#1 C:\xampp\htdocs\connect2\vendor\codeigniter4\framework\system\Common.php(1089): CodeIgniter\View\View->render('header', Array, true)
#2 C:\xampp\htdocs\connect2\app\Views\Admin\category.php(1): view('header')
#3 C:\xampp\htdocs\connect2\vendor\codeigniter4\framework\system\View\View.php(210): include('C:\\xampp\\htdocs...')
#4 C:\xampp\htdocs\connect2\vendor\codeigniter4\framework\system\View\View.php(213): CodeIgniter\View\View->CodeIgniter\View\{closure}()
#5 C:\xampp\htdocs\connect2\vendor\codeigniter4\framework\system\Common.php(1089): CodeIgniter\View\View->render('Admin/category', Array, true)
#6 C:\xampp\htdocs\connect2\app\Controllers\Admin\categoryController.php(21): view('Admin/category', Array)
#7 C:\xampp\htdocs\connect2\vendor\codeigniter4\framework\system\CodeIgniter.php(832): App\Controllers\Admin\categoryController->index()
#8 C:\xampp\htdocs\connect2\vendor\codeigniter4\framework\system\CodeIgniter.php(419): CodeIgniter\CodeIgniter->runController(Object(App\Controllers\Admin\categoryController))
#9 C:\xampp\htdocs\connect2\vendor\codeigniter4\framework\system\CodeIgniter.php(326): CodeIgniter\CodeIgniter->handleRequest(NULL, Object(Config\Cache), false)
#10 C:\xampp\htdocs\connect2\public\index.php(37): CodeIgniter\CodeIgniter->run()
#11 C:\xampp\htdocs\connect2\vendor\codeigniter4\framework\system\Commands\Server\rewrite.php(43): require_once('C:\\xampp\\htdocs...')
#12 {main}
CRITICAL - 2022-03-08 06:37:04 --> Invalid file: header.php
#0 C:\xampp\htdocs\connect2\vendor\codeigniter4\framework\system\View\View.php(198): CodeIgniter\Exceptions\FrameworkException::forInvalidFile('header.php')
#1 C:\xampp\htdocs\connect2\vendor\codeigniter4\framework\system\Common.php(1089): CodeIgniter\View\View->render('header', Array, true)
#2 C:\xampp\htdocs\connect2\app\Views\Admin\category.php(1): view('header')
#3 C:\xampp\htdocs\connect2\vendor\codeigniter4\framework\system\View\View.php(210): include('C:\\xampp\\htdocs...')
#4 C:\xampp\htdocs\connect2\vendor\codeigniter4\framework\system\View\View.php(213): CodeIgniter\View\View->CodeIgniter\View\{closure}()
#5 C:\xampp\htdocs\connect2\vendor\codeigniter4\framework\system\Common.php(1089): CodeIgniter\View\View->render('Admin/category', Array, true)
#6 C:\xampp\htdocs\connect2\app\Controllers\Admin\categoryController.php(21): view('Admin/category', Array)
#7 C:\xampp\htdocs\connect2\vendor\codeigniter4\framework\system\CodeIgniter.php(832): App\Controllers\Admin\categoryController->index()
#8 C:\xampp\htdocs\connect2\vendor\codeigniter4\framework\system\CodeIgniter.php(419): CodeIgniter\CodeIgniter->runController(Object(App\Controllers\Admin\categoryController))
#9 C:\xampp\htdocs\connect2\vendor\codeigniter4\framework\system\CodeIgniter.php(326): CodeIgniter\CodeIgniter->handleRequest(NULL, Object(Config\Cache), false)
#10 C:\xampp\htdocs\connect2\public\index.php(37): CodeIgniter\CodeIgniter->run()
#11 C:\xampp\htdocs\connect2\vendor\codeigniter4\framework\system\Commands\Server\rewrite.php(43): require_once('C:\\xampp\\htdocs...')
#12 {main}
CRITICAL - 2022-03-08 06:42:35 --> Invalid file: header.php
#0 C:\xampp\htdocs\connect2\vendor\codeigniter4\framework\system\View\View.php(198): CodeIgniter\Exceptions\FrameworkException::forInvalidFile('header.php')
#1 C:\xampp\htdocs\connect2\vendor\codeigniter4\framework\system\Common.php(1089): CodeIgniter\View\View->render('header', Array, true)
#2 C:\xampp\htdocs\connect2\app\Views\Admin\category.php(1): view('header')
#3 C:\xampp\htdocs\connect2\vendor\codeigniter4\framework\system\View\View.php(210): include('C:\\xampp\\htdocs...')
#4 C:\xampp\htdocs\connect2\vendor\codeigniter4\framework\system\View\View.php(213): CodeIgniter\View\View->CodeIgniter\View\{closure}()
#5 C:\xampp\htdocs\connect2\vendor\codeigniter4\framework\system\Common.php(1089): CodeIgniter\View\View->render('Admin/category', Array, true)
#6 C:\xampp\htdocs\connect2\app\Controllers\Admin\categoryController.php(21): view('Admin/category', Array)
#7 C:\xampp\htdocs\connect2\vendor\codeigniter4\framework\system\CodeIgniter.php(832): App\Controllers\Admin\categoryController->index()
#8 C:\xampp\htdocs\connect2\vendor\codeigniter4\framework\system\CodeIgniter.php(419): CodeIgniter\CodeIgniter->runController(Object(App\Controllers\Admin\categoryController))
#9 C:\xampp\htdocs\connect2\vendor\codeigniter4\framework\system\CodeIgniter.php(326): CodeIgniter\CodeIgniter->handleRequest(NULL, Object(Config\Cache), false)
#10 C:\xampp\htdocs\connect2\public\index.php(37): CodeIgniter\CodeIgniter->run()
#11 C:\xampp\htdocs\connect2\vendor\codeigniter4\framework\system\Commands\Server\rewrite.php(43): require_once('C:\\xampp\\htdocs...')
#12 {main}
CRITICAL - 2022-03-08 07:04:37 --> Invalid file: header.php
#0 C:\xampp\htdocs\connect2\vendor\codeigniter4\framework\system\View\View.php(198): CodeIgniter\Exceptions\FrameworkException::forInvalidFile('header.php')
#1 C:\xampp\htdocs\connect2\vendor\codeigniter4\framework\system\Common.php(1089): CodeIgniter\View\View->render('header', Array, true)
#2 C:\xampp\htdocs\connect2\app\Views\Admin\category.php(1): view('header')
#3 C:\xampp\htdocs\connect2\vendor\codeigniter4\framework\system\View\View.php(210): include('C:\\xampp\\htdocs...')
#4 C:\xampp\htdocs\connect2\vendor\codeigniter4\framework\system\View\View.php(213): CodeIgniter\View\View->CodeIgniter\View\{closure}()
#5 C:\xampp\htdocs\connect2\vendor\codeigniter4\framework\system\Common.php(1089): CodeIgniter\View\View->render('Admin/category', Array, true)
#6 C:\xampp\htdocs\connect2\app\Controllers\Admin\categoryController.php(21): view('Admin/category', Array)
#7 C:\xampp\htdocs\connect2\vendor\codeigniter4\framework\system\CodeIgniter.php(832): App\Controllers\Admin\categoryController->index()
#8 C:\xampp\htdocs\connect2\vendor\codeigniter4\framework\system\CodeIgniter.php(419): CodeIgniter\CodeIgniter->runController(Object(App\Controllers\Admin\categoryController))
#9 C:\xampp\htdocs\connect2\vendor\codeigniter4\framework\system\CodeIgniter.php(326): CodeIgniter\CodeIgniter->handleRequest(NULL, Object(Config\Cache), false)
#10 C:\xampp\htdocs\connect2\public\index.php(37): CodeIgniter\CodeIgniter->run()
#11 C:\xampp\htdocs\connect2\vendor\codeigniter4\framework\system\Commands\Server\rewrite.php(43): require_once('C:\\xampp\\htdocs...')
#12 {main}
CRITICAL - 2022-03-08 23:08:58 --> Invalid file: header.php
#0 C:\xampp\htdocs\connect2\vendor\codeigniter4\framework\system\View\View.php(198): CodeIgniter\Exceptions\FrameworkException::forInvalidFile('header.php')
#1 C:\xampp\htdocs\connect2\vendor\codeigniter4\framework\system\Common.php(1089): CodeIgniter\View\View->render('header', Array, true)
#2 C:\xampp\htdocs\connect2\app\Views\Admin\category.php(1): view('header')
#3 C:\xampp\htdocs\connect2\vendor\codeigniter4\framework\system\View\View.php(210): include('C:\\xampp\\htdocs...')
#4 C:\xampp\htdocs\connect2\vendor\codeigniter4\framework\system\View\View.php(213): CodeIgniter\View\View->CodeIgniter\View\{closure}()
#5 C:\xampp\htdocs\connect2\vendor\codeigniter4\framework\system\Common.php(1089): CodeIgniter\View\View->render('Admin/category', Array, true)
#6 C:\xampp\htdocs\connect2\app\Controllers\Admin\categoryController.php(21): view('Admin/category', Array)
#7 C:\xampp\htdocs\connect2\vendor\codeigniter4\framework\system\CodeIgniter.php(832): App\Controllers\Admin\categoryController->index()
#8 C:\xampp\htdocs\connect2\vendor\codeigniter4\framework\system\CodeIgniter.php(419): CodeIgniter\CodeIgniter->runController(Object(App\Controllers\Admin\categoryController))
#9 C:\xampp\htdocs\connect2\vendor\codeigniter4\framework\system\CodeIgniter.php(326): CodeIgniter\CodeIgniter->handleRequest(NULL, Object(Config\Cache), false)
#10 C:\xampp\htdocs\connect2\public\index.php(37): CodeIgniter\CodeIgniter->run()
#11 C:\xampp\htdocs\connect2\vendor\codeigniter4\framework\system\Commands\Server\rewrite.php(43): require_once('C:\\xampp\\htdocs...')
#12 {main}
