CRITICAL - 2023-05-26 04:14:24 --> Uncaught CodeIgniter\Format\Exceptions\FormatException: Failed to parse json string, error: "Malformed UTF-8 characters, possibly incorrectly encoded". in /var/www/html/connect2/vendor/codeigniter4/framework/system/Format/JSONFormatter.php:41
Stack trace:
#0 /var/www/html/connect2/vendor/codeigniter4/framework/system/Format/JSONFormatter.php(41): CodeIgniter\Format\Exceptions\FormatException::forInvalidJSON('Malformed UTF-8...')
#1 /var/www/html/connect2/vendor/codeigniter4/framework/system/API/ResponseTrait.php(341): CodeIgniter\Format\JSONFormatter->format(Array)
#2 /var/www/html/connect2/vendor/codeigniter4/framework/system/API/ResponseTrait.php(99): CodeIgniter\Debug\Exceptions->format(Array)
#3 /var/www/html/connect2/vendor/codeigniter4/framework/system/Debug/Exceptions.php(115): CodeIgniter\Debug\Exceptions->respond(Array, 404)
#4 [internal function]: CodeIgniter\Debug\Exceptions->exceptionHandler(Object(CodeIgniter\Exceptions\PageNotFoundException))
#5 {main}
  thrown
#0 [internal function]: CodeIgniter\Debug\Exceptions->shutdownHandler()
#1 {main}
CRITICAL - 2023-05-26 04:14:28 --> Uncaught CodeIgniter\Format\Exceptions\FormatException: Failed to parse json string, error: "Malformed UTF-8 characters, possibly incorrectly encoded". in /var/www/html/connect2/vendor/codeigniter4/framework/system/Format/JSONFormatter.php:41
Stack trace:
#0 /var/www/html/connect2/vendor/codeigniter4/framework/system/Format/JSONFormatter.php(41): CodeIgniter\Format\Exceptions\FormatException::forInvalidJSON('Malformed UTF-8...')
#1 /var/www/html/connect2/vendor/codeigniter4/framework/system/API/ResponseTrait.php(341): CodeIgniter\Format\JSONFormatter->format(Array)
#2 /var/www/html/connect2/vendor/codeigniter4/framework/system/API/ResponseTrait.php(99): CodeIgniter\Debug\Exceptions->format(Array)
#3 /var/www/html/connect2/vendor/codeigniter4/framework/system/Debug/Exceptions.php(115): CodeIgniter\Debug\Exceptions->respond(Array, 404)
#4 [internal function]: CodeIgniter\Debug\Exceptions->exceptionHandler(Object(CodeIgniter\Exceptions\PageNotFoundException))
#5 {main}
  thrown
#0 [internal function]: CodeIgniter\Debug\Exceptions->shutdownHandler()
#1 {main}
